<?xml version="1.0" encoding="UTF-8"?>
<!-- Generated by org.testng.reporters.JUnitReportReporter -->
<testsuite skipped="0" hostname="Vinays" name="testMethods.BirthdayTest" tests="2" failures="0" timestamp="2022-01-17T17:41:12 IST" time="7.990" errors="0">
  <testcase name="booking" time="5.461" classname="testMethods.BirthdayTest"/>
  <system-out/>
  <testcase name="facebook" time="2.529" classname="testMethods.BirthdayTest"/>
  <system-out/>
</testsuite> <!-- testMethods.BirthdayTest -->
